0:0:0:0:0:0:0:1 - - [21/Jun/2018:08:11:56 +0800] "GET /SpringBootDemo/static/js/common.js HTTP/1.1" 304 -
0:0:0:0:0:0:0:1 - - [21/Jun/2018:08:11:56 +0800] "GET /SpringBootDemo/main/index HTTP/1.1" 200 433
0:0:0:0:0:0:0:1 - - [21/Jun/2018:08:11:56 +0800] "GET /SpringBootDemo/static/js/jquery-3.3.1.min.js HTTP/1.1" 304 -
0:0:0:0:0:0:0:1 - - [21/Jun/2018:08:11:57 +0800] "GET /SpringBootDemo/main/index HTTP/1.1" 200 433
0:0:0:0:0:0:0:1 - - [21/Jun/2018:08:12:01 +0800] "POST /SpringBootDemo/main/login HTTP/1.1" 200 399
0:0:0:0:0:0:0:1 - - [21/Jun/2018:08:12:08 +0800] "GET /SpringBootDemo/main/error HTTP/1.1" 404 275
0:0:0:0:0:0:0:1 - - [21/Jun/2018:08:13:36 +0800] "POST /SpringBootDemo/main/login HTTP/1.1" 200 399
0:0:0:0:0:0:0:1 - - [21/Jun/2018:08:13:36 +0800] "GET /SpringBootDemo/static/js/common.js HTTP/1.1" 304 -
0:0:0:0:0:0:0:1 - - [21/Jun/2018:08:13:36 +0800] "POST /SpringBootDemo/main/login HTTP/1.1" 200 399
0:0:0:0:0:0:0:1 - - [21/Jun/2018:08:13:36 +0800] "GET /SpringBootDemo/static/js/common.js HTTP/1.1" 304 -
0:0:0:0:0:0:0:1 - - [21/Jun/2018:08:13:36 +0800] "POST /SpringBootDemo/main/login HTTP/1.1" 200 399
0:0:0:0:0:0:0:1 - - [21/Jun/2018:08:13:36 +0800] "GET /SpringBootDemo/static/js/common.js HTTP/1.1" 304 -
0:0:0:0:0:0:0:1 - - [21/Jun/2018:08:13:37 +0800] "POST /SpringBootDemo/main/login HTTP/1.1" 200 399
0:0:0:0:0:0:0:1 - - [21/Jun/2018:08:13:37 +0800] "GET /SpringBootDemo/static/js/common.js HTTP/1.1" 304 -
0:0:0:0:0:0:0:1 - - [21/Jun/2018:08:13:40 +0800] "GET /SpringBootDemo/main/error HTTP/1.1" 404 276
0:0:0:0:0:0:0:1 - - [21/Jun/2018:08:15:47 +0800] "POST /SpringBootDemo/main/login HTTP/1.1" 200 399
0:0:0:0:0:0:0:1 - - [21/Jun/2018:08:15:48 +0800] "GET /SpringBootDemo/static/js/common.js HTTP/1.1" 304 -
0:0:0:0:0:0:0:1 - - [21/Jun/2018:08:15:49 +0800] "POST /SpringBootDemo/main/login HTTP/1.1" 200 399
0:0:0:0:0:0:0:1 - - [21/Jun/2018:08:15:49 +0800] "GET /SpringBootDemo/static/js/common.js HTTP/1.1" 304 -
0:0:0:0:0:0:0:1 - - [21/Jun/2018:08:16:19 +0800] "GET /SpringBootDemo/main/error HTTP/1.1" 404 276
0:0:0:0:0:0:0:1 - - [21/Jun/2018:08:16:47 +0800] "POST /SpringBootDemo/main/login HTTP/1.1" 200 399
0:0:0:0:0:0:0:1 - - [21/Jun/2018:08:16:47 +0800] "GET /SpringBootDemo/static/js/common.js HTTP/1.1" 304 -
0:0:0:0:0:0:0:1 - - [21/Jun/2018:08:16:47 +0800] "POST /SpringBootDemo/main/login HTTP/1.1" 200 399
0:0:0:0:0:0:0:1 - - [21/Jun/2018:08:16:47 +0800] "GET /SpringBootDemo/static/js/common.js HTTP/1.1" 304 -
0:0:0:0:0:0:0:1 - - [21/Jun/2018:08:16:47 +0800] "POST /SpringBootDemo/main/login HTTP/1.1" 200 399
0:0:0:0:0:0:0:1 - - [21/Jun/2018:08:16:47 +0800] "GET /SpringBootDemo/static/js/common.js HTTP/1.1" 304 -
0:0:0:0:0:0:0:1 - - [21/Jun/2018:08:16:47 +0800] "POST /SpringBootDemo/main/login HTTP/1.1" 200 399
0:0:0:0:0:0:0:1 - - [21/Jun/2018:08:16:47 +0800] "GET /SpringBootDemo/static/js/common.js HTTP/1.1" 304 -
0:0:0:0:0:0:0:1 - - [21/Jun/2018:08:16:48 +0800] "POST /SpringBootDemo/main/login HTTP/1.1" 200 399
0:0:0:0:0:0:0:1 - - [21/Jun/2018:08:16:48 +0800] "GET /SpringBootDemo/static/js/common.js HTTP/1.1" 304 -
0:0:0:0:0:0:0:1 - - [21/Jun/2018:08:16:48 +0800] "POST /SpringBootDemo/main/login HTTP/1.1" 200 399
0:0:0:0:0:0:0:1 - - [21/Jun/2018:08:16:48 +0800] "GET /SpringBootDemo/static/js/common.js HTTP/1.1" 304 -
0:0:0:0:0:0:0:1 - - [21/Jun/2018:08:16:48 +0800] "POST /SpringBootDemo/main/login HTTP/1.1" 200 399
0:0:0:0:0:0:0:1 - - [21/Jun/2018:08:16:48 +0800] "GET /SpringBootDemo/static/js/common.js HTTP/1.1" 304 -
0:0:0:0:0:0:0:1 - - [21/Jun/2018:08:16:57 +0800] "GET /SpringBootDemo/main/error HTTP/1.1" 404 276
0:0:0:0:0:0:0:1 - - [21/Jun/2018:08:22:33 +0800] "POST /SpringBootDemo/main/login HTTP/1.1" 200 399
0:0:0:0:0:0:0:1 - - [21/Jun/2018:08:22:33 +0800] "POST /SpringBootDemo/main/login HTTP/1.1" 200 399
0:0:0:0:0:0:0:1 - - [21/Jun/2018:08:22:33 +0800] "POST /SpringBootDemo/main/login HTTP/1.1" 200 399
0:0:0:0:0:0:0:1 - - [21/Jun/2018:08:22:33 +0800] "GET /SpringBootDemo/static/js/common.js HTTP/1.1" 304 -
0:0:0:0:0:0:0:1 - - [21/Jun/2018:08:22:37 +0800] "GET /SpringBootDemo/main/error HTTP/1.1" 404 276
0:0:0:0:0:0:0:1 - - [21/Jun/2018:08:24:31 +0800] "POST /SpringBootDemo/main/login HTTP/1.1" 200 399
0:0:0:0:0:0:0:1 - - [21/Jun/2018:08:24:31 +0800] "POST /SpringBootDemo/main/login HTTP/1.1" 200 399
0:0:0:0:0:0:0:1 - - [21/Jun/2018:08:24:31 +0800] "POST /SpringBootDemo/main/login HTTP/1.1" 200 399
0:0:0:0:0:0:0:1 - - [21/Jun/2018:08:24:31 +0800] "POST /SpringBootDemo/main/login HTTP/1.1" 200 399
0:0:0:0:0:0:0:1 - - [21/Jun/2018:08:24:32 +0800] "GET /SpringBootDemo/static/js/common.js HTTP/1.1" 304 -
0:0:0:0:0:0:0:1 - - [21/Jun/2018:08:24:40 +0800] "GET /SpringBootDemo/main/error HTTP/1.1" 404 275
