===2018-06-18 08:00:51.839 ERROR org.apache.catalina.core.ContainerBase.[Tomcat].[localhost].[/SpringBootDemo].[dispatcherServlet] Line:182 - Servlet.service() for servlet [dispatcherServlet] in context with path [/SpringBootDemo] threw exception [Could not resolve view with name 'testHello' in servlet with name 'dispatcherServlet'] with root cause
javax.servlet.ServletException: Could not resolve view with name 'testHello' in servlet with name 'dispatcherServlet'
	at org.springframework.web.servlet.DispatcherServlet.render(DispatcherServlet.java:1305)
	at org.springframework.web.servlet.DispatcherServlet.processDispatchResult(DispatcherServlet.java:1069)
	at org.springframework.web.servlet.DispatcherServlet.doDispatch(DispatcherServlet.java:1008)
	at org.springframework.web.servlet.DispatcherServlet.doService(DispatcherServlet.java:925)
	at org.springframework.web.servlet.FrameworkServlet.processRequest(FrameworkServlet.java:974)
	at org.springframework.web.servlet.FrameworkServlet.doGet(FrameworkServlet.java:866)
	at javax.servlet.http.HttpServlet.service(HttpServlet.java:635)
	at org.springframework.web.servlet.FrameworkServlet.service(FrameworkServlet.java:851)
	at javax.servlet.http.HttpServlet.service(HttpServlet.java:742)
	at org.apache.catalina.core.ApplicationFilterChain.internalDoFilter(ApplicationFilterChain.java:231)
	at org.apache.catalina.core.ApplicationFilterChain.doFilter(ApplicationFilterChain.java:166)
	at org.apache.tomcat.websocket.server.WsFilter.doFilter(WsFilter.java:52)
	at org.apache.catalina.core.ApplicationFilterChain.internalDoFilter(ApplicationFilterChain.java:193)
	at org.apache.catalina.core.ApplicationFilterChain.doFilter(ApplicationFilterChain.java:166)
	at org.apache.catalina.filters.RemoteIpFilter.doFilter(RemoteIpFilter.java:882)
	at org.apache.catalina.filters.RemoteIpFilter.doFilter(RemoteIpFilter.java:913)
	at org.apache.catalina.core.ApplicationFilterChain.internalDoFilter(ApplicationFilterChain.java:193)
	at org.apache.catalina.core.ApplicationFilterChain.doFilter(ApplicationFilterChain.java:166)
	at com.alibaba.druid.support.http.WebStatFilter.doFilter(WebStatFilter.java:123)
	at org.apache.catalina.core.ApplicationFilterChain.internalDoFilter(ApplicationFilterChain.java:193)
	at org.apache.catalina.core.ApplicationFilterChain.doFilter(ApplicationFilterChain.java:166)
	at cn.com.szht.filter.SzhtFilter.doFilter(SzhtFilter.java:29)
	at org.apache.catalina.core.ApplicationFilterChain.internalDoFilter(ApplicationFilterChain.java:193)
	at org.apache.catalina.core.ApplicationFilterChain.doFilter(ApplicationFilterChain.java:166)
	at org.springframework.web.filter.CharacterEncodingFilter.doFilterInternal(CharacterEncodingFilter.java:200)
	at org.springframework.web.filter.OncePerRequestFilter.doFilter(OncePerRequestFilter.java:107)
	at org.apache.catalina.core.ApplicationFilterChain.internalDoFilter(ApplicationFilterChain.java:193)
	at org.apache.catalina.core.ApplicationFilterChain.doFilter(ApplicationFilterChain.java:166)
	at org.apache.catalina.core.StandardWrapperValve.invoke(StandardWrapperValve.java:198)
	at org.apache.catalina.core.StandardContextValve.invoke(StandardContextValve.java:96)
	at org.apache.catalina.authenticator.AuthenticatorBase.invoke(AuthenticatorBase.java:496)
	at org.apache.catalina.core.StandardHostValve.invoke(StandardHostValve.java:140)
	at org.apache.catalina.valves.ErrorReportValve.invoke(ErrorReportValve.java:81)
	at org.apache.catalina.core.StandardEngineValve.invoke(StandardEngineValve.java:87)
	at org.apache.catalina.connector.CoyoteAdapter.service(CoyoteAdapter.java:342)
	at org.apache.coyote.http11.Http11Processor.service(Http11Processor.java:803)
	at org.apache.coyote.AbstractProcessorLight.process(AbstractProcessorLight.java:66)
	at org.apache.coyote.AbstractProtocol$ConnectionHandler.process(AbstractProtocol.java:790)
	at org.apache.tomcat.util.net.NioEndpoint$SocketProcessor.doRun(NioEndpoint.java:1468)
	at org.apache.tomcat.util.net.SocketProcessorBase.run(SocketProcessorBase.java:49)
	at java.util.concurrent.ThreadPoolExecutor.runWorker(Unknown Source)
	at java.util.concurrent.ThreadPoolExecutor$Worker.run(Unknown Source)
	at org.apache.tomcat.util.threads.TaskThread$WrappingRunnable.run(TaskThread.java:61)
	at java.lang.Thread.run(Unknown Source)
===2018-06-18 08:02:03.947 ERROR org.apache.catalina.core.ContainerBase.[Tomcat].[localhost].[/SpringBootDemo].[dispatcherServlet] Line:182 - Servlet.service() for servlet [dispatcherServlet] in context with path [/SpringBootDemo] threw exception [Could not resolve view with name 'testHello' in servlet with name 'dispatcherServlet'] with root cause
javax.servlet.ServletException: Could not resolve view with name 'testHello' in servlet with name 'dispatcherServlet'
	at org.springframework.web.servlet.DispatcherServlet.render(DispatcherServlet.java:1305)
	at org.springframework.web.servlet.DispatcherServlet.processDispatchResult(DispatcherServlet.java:1069)
	at org.springframework.web.servlet.DispatcherServlet.doDispatch(DispatcherServlet.java:1008)
	at org.springframework.web.servlet.DispatcherServlet.doService(DispatcherServlet.java:925)
	at org.springframework.web.servlet.FrameworkServlet.processRequest(FrameworkServlet.java:974)
	at org.springframework.web.servlet.FrameworkServlet.doGet(FrameworkServlet.java:866)
	at javax.servlet.http.HttpServlet.service(HttpServlet.java:635)
	at org.springframework.web.servlet.FrameworkServlet.service(FrameworkServlet.java:851)
	at javax.servlet.http.HttpServlet.service(HttpServlet.java:742)
	at org.apache.catalina.core.ApplicationFilterChain.internalDoFilter(ApplicationFilterChain.java:231)
	at org.apache.catalina.core.ApplicationFilterChain.doFilter(ApplicationFilterChain.java:166)
	at org.apache.tomcat.websocket.server.WsFilter.doFilter(WsFilter.java:52)
	at org.apache.catalina.core.ApplicationFilterChain.internalDoFilter(ApplicationFilterChain.java:193)
	at org.apache.catalina.core.ApplicationFilterChain.doFilter(ApplicationFilterChain.java:166)
	at org.apache.catalina.filters.RemoteIpFilter.doFilter(RemoteIpFilter.java:882)
	at org.apache.catalina.filters.RemoteIpFilter.doFilter(RemoteIpFilter.java:913)
	at org.apache.catalina.core.ApplicationFilterChain.internalDoFilter(ApplicationFilterChain.java:193)
	at org.apache.catalina.core.ApplicationFilterChain.doFilter(ApplicationFilterChain.java:166)
	at com.alibaba.druid.support.http.WebStatFilter.doFilter(WebStatFilter.java:123)
	at org.apache.catalina.core.ApplicationFilterChain.internalDoFilter(ApplicationFilterChain.java:193)
	at org.apache.catalina.core.ApplicationFilterChain.doFilter(ApplicationFilterChain.java:166)
	at cn.com.szht.filter.SzhtFilter.doFilter(SzhtFilter.java:29)
	at org.apache.catalina.core.ApplicationFilterChain.internalDoFilter(ApplicationFilterChain.java:193)
	at org.apache.catalina.core.ApplicationFilterChain.doFilter(ApplicationFilterChain.java:166)
	at org.springframework.web.filter.CharacterEncodingFilter.doFilterInternal(CharacterEncodingFilter.java:200)
	at org.springframework.web.filter.OncePerRequestFilter.doFilter(OncePerRequestFilter.java:107)
	at org.apache.catalina.core.ApplicationFilterChain.internalDoFilter(ApplicationFilterChain.java:193)
	at org.apache.catalina.core.ApplicationFilterChain.doFilter(ApplicationFilterChain.java:166)
	at org.apache.catalina.core.StandardWrapperValve.invoke(StandardWrapperValve.java:198)
	at org.apache.catalina.core.StandardContextValve.invoke(StandardContextValve.java:96)
	at org.apache.catalina.authenticator.AuthenticatorBase.invoke(AuthenticatorBase.java:496)
	at org.apache.catalina.core.StandardHostValve.invoke(StandardHostValve.java:140)
	at org.apache.catalina.valves.ErrorReportValve.invoke(ErrorReportValve.java:81)
	at org.apache.catalina.core.StandardEngineValve.invoke(StandardEngineValve.java:87)
	at org.apache.catalina.connector.CoyoteAdapter.service(CoyoteAdapter.java:342)
	at org.apache.coyote.http11.Http11Processor.service(Http11Processor.java:803)
	at org.apache.coyote.AbstractProcessorLight.process(AbstractProcessorLight.java:66)
	at org.apache.coyote.AbstractProtocol$ConnectionHandler.process(AbstractProtocol.java:790)
	at org.apache.tomcat.util.net.NioEndpoint$SocketProcessor.doRun(NioEndpoint.java:1468)
	at org.apache.tomcat.util.net.SocketProcessorBase.run(SocketProcessorBase.java:49)
	at java.util.concurrent.ThreadPoolExecutor.runWorker(Unknown Source)
	at java.util.concurrent.ThreadPoolExecutor$Worker.run(Unknown Source)
	at org.apache.tomcat.util.threads.TaskThread$WrappingRunnable.run(TaskThread.java:61)
	at java.lang.Thread.run(Unknown Source)
===2018-06-18 08:06:55.893 ERROR org.apache.catalina.core.ContainerBase.[Tomcat].[localhost].[/SpringBootDemo].[dispatcherServlet] Line:182 - Servlet.service() for servlet [dispatcherServlet] in context with path [/SpringBootDemo] threw exception [Could not resolve view with name 'testHello' in servlet with name 'dispatcherServlet'] with root cause
javax.servlet.ServletException: Could not resolve view with name 'testHello' in servlet with name 'dispatcherServlet'
	at org.springframework.web.servlet.DispatcherServlet.render(DispatcherServlet.java:1305)
	at org.springframework.web.servlet.DispatcherServlet.processDispatchResult(DispatcherServlet.java:1069)
	at org.springframework.web.servlet.DispatcherServlet.doDispatch(DispatcherServlet.java:1008)
	at org.springframework.web.servlet.DispatcherServlet.doService(DispatcherServlet.java:925)
	at org.springframework.web.servlet.FrameworkServlet.processRequest(FrameworkServlet.java:974)
	at org.springframework.web.servlet.FrameworkServlet.doGet(FrameworkServlet.java:866)
	at javax.servlet.http.HttpServlet.service(HttpServlet.java:635)
	at org.springframework.web.servlet.FrameworkServlet.service(FrameworkServlet.java:851)
	at javax.servlet.http.HttpServlet.service(HttpServlet.java:742)
	at org.apache.catalina.core.ApplicationFilterChain.internalDoFilter(ApplicationFilterChain.java:231)
	at org.apache.catalina.core.ApplicationFilterChain.doFilter(ApplicationFilterChain.java:166)
	at org.apache.tomcat.websocket.server.WsFilter.doFilter(WsFilter.java:52)
	at org.apache.catalina.core.ApplicationFilterChain.internalDoFilter(ApplicationFilterChain.java:193)
	at org.apache.catalina.core.ApplicationFilterChain.doFilter(ApplicationFilterChain.java:166)
	at org.apache.catalina.filters.RemoteIpFilter.doFilter(RemoteIpFilter.java:882)
	at org.apache.catalina.filters.RemoteIpFilter.doFilter(RemoteIpFilter.java:913)
	at org.apache.catalina.core.ApplicationFilterChain.internalDoFilter(ApplicationFilterChain.java:193)
	at org.apache.catalina.core.ApplicationFilterChain.doFilter(ApplicationFilterChain.java:166)
	at com.alibaba.druid.support.http.WebStatFilter.doFilter(WebStatFilter.java:123)
	at org.apache.catalina.core.ApplicationFilterChain.internalDoFilter(ApplicationFilterChain.java:193)
	at org.apache.catalina.core.ApplicationFilterChain.doFilter(ApplicationFilterChain.java:166)
	at cn.com.szht.filter.SzhtFilter.doFilter(SzhtFilter.java:29)
	at org.apache.catalina.core.ApplicationFilterChain.internalDoFilter(ApplicationFilterChain.java:193)
	at org.apache.catalina.core.ApplicationFilterChain.doFilter(ApplicationFilterChain.java:166)
	at org.springframework.web.filter.CharacterEncodingFilter.doFilterInternal(CharacterEncodingFilter.java:200)
	at org.springframework.web.filter.OncePerRequestFilter.doFilter(OncePerRequestFilter.java:107)
	at org.apache.catalina.core.ApplicationFilterChain.internalDoFilter(ApplicationFilterChain.java:193)
	at org.apache.catalina.core.ApplicationFilterChain.doFilter(ApplicationFilterChain.java:166)
	at org.apache.catalina.core.StandardWrapperValve.invoke(StandardWrapperValve.java:198)
	at org.apache.catalina.core.StandardContextValve.invoke(StandardContextValve.java:96)
	at org.apache.catalina.authenticator.AuthenticatorBase.invoke(AuthenticatorBase.java:496)
	at org.apache.catalina.core.StandardHostValve.invoke(StandardHostValve.java:140)
	at org.apache.catalina.valves.ErrorReportValve.invoke(ErrorReportValve.java:81)
	at org.apache.catalina.core.StandardEngineValve.invoke(StandardEngineValve.java:87)
	at org.apache.catalina.connector.CoyoteAdapter.service(CoyoteAdapter.java:342)
	at org.apache.coyote.http11.Http11Processor.service(Http11Processor.java:803)
	at org.apache.coyote.AbstractProcessorLight.process(AbstractProcessorLight.java:66)
	at org.apache.coyote.AbstractProtocol$ConnectionHandler.process(AbstractProtocol.java:790)
	at org.apache.tomcat.util.net.NioEndpoint$SocketProcessor.doRun(NioEndpoint.java:1468)
	at org.apache.tomcat.util.net.SocketProcessorBase.run(SocketProcessorBase.java:49)
	at java.util.concurrent.ThreadPoolExecutor.runWorker(Unknown Source)
	at java.util.concurrent.ThreadPoolExecutor$Worker.run(Unknown Source)
	at org.apache.tomcat.util.threads.TaskThread$WrappingRunnable.run(TaskThread.java:61)
	at java.lang.Thread.run(Unknown Source)
===2018-06-18 08:06:56.627 ERROR org.apache.catalina.core.ContainerBase.[Tomcat].[localhost].[/SpringBootDemo].[dispatcherServlet] Line:182 - Servlet.service() for servlet [dispatcherServlet] in context with path [/SpringBootDemo] threw exception [Could not resolve view with name 'testHello' in servlet with name 'dispatcherServlet'] with root cause
javax.servlet.ServletException: Could not resolve view with name 'testHello' in servlet with name 'dispatcherServlet'
	at org.springframework.web.servlet.DispatcherServlet.render(DispatcherServlet.java:1305)
	at org.springframework.web.servlet.DispatcherServlet.processDispatchResult(DispatcherServlet.java:1069)
	at org.springframework.web.servlet.DispatcherServlet.doDispatch(DispatcherServlet.java:1008)
	at org.springframework.web.servlet.DispatcherServlet.doService(DispatcherServlet.java:925)
	at org.springframework.web.servlet.FrameworkServlet.processRequest(FrameworkServlet.java:974)
	at org.springframework.web.servlet.FrameworkServlet.doGet(FrameworkServlet.java:866)
	at javax.servlet.http.HttpServlet.service(HttpServlet.java:635)
	at org.springframework.web.servlet.FrameworkServlet.service(FrameworkServlet.java:851)
	at javax.servlet.http.HttpServlet.service(HttpServlet.java:742)
	at org.apache.catalina.core.ApplicationFilterChain.internalDoFilter(ApplicationFilterChain.java:231)
	at org.apache.catalina.core.ApplicationFilterChain.doFilter(ApplicationFilterChain.java:166)
	at org.apache.tomcat.websocket.server.WsFilter.doFilter(WsFilter.java:52)
	at org.apache.catalina.core.ApplicationFilterChain.internalDoFilter(ApplicationFilterChain.java:193)
	at org.apache.catalina.core.ApplicationFilterChain.doFilter(ApplicationFilterChain.java:166)
	at org.apache.catalina.filters.RemoteIpFilter.doFilter(RemoteIpFilter.java:882)
	at org.apache.catalina.filters.RemoteIpFilter.doFilter(RemoteIpFilter.java:913)
	at org.apache.catalina.core.ApplicationFilterChain.internalDoFilter(ApplicationFilterChain.java:193)
	at org.apache.catalina.core.ApplicationFilterChain.doFilter(ApplicationFilterChain.java:166)
	at com.alibaba.druid.support.http.WebStatFilter.doFilter(WebStatFilter.java:123)
	at org.apache.catalina.core.ApplicationFilterChain.internalDoFilter(ApplicationFilterChain.java:193)
	at org.apache.catalina.core.ApplicationFilterChain.doFilter(ApplicationFilterChain.java:166)
	at cn.com.szht.filter.SzhtFilter.doFilter(SzhtFilter.java:29)
	at org.apache.catalina.core.ApplicationFilterChain.internalDoFilter(ApplicationFilterChain.java:193)
	at org.apache.catalina.core.ApplicationFilterChain.doFilter(ApplicationFilterChain.java:166)
	at org.springframework.web.filter.CharacterEncodingFilter.doFilterInternal(CharacterEncodingFilter.java:200)
	at org.springframework.web.filter.OncePerRequestFilter.doFilter(OncePerRequestFilter.java:107)
	at org.apache.catalina.core.ApplicationFilterChain.internalDoFilter(ApplicationFilterChain.java:193)
	at org.apache.catalina.core.ApplicationFilterChain.doFilter(ApplicationFilterChain.java:166)
	at org.apache.catalina.core.StandardWrapperValve.invoke(StandardWrapperValve.java:198)
	at org.apache.catalina.core.StandardContextValve.invoke(StandardContextValve.java:96)
	at org.apache.catalina.authenticator.AuthenticatorBase.invoke(AuthenticatorBase.java:496)
	at org.apache.catalina.core.StandardHostValve.invoke(StandardHostValve.java:140)
	at org.apache.catalina.valves.ErrorReportValve.invoke(ErrorReportValve.java:81)
	at org.apache.catalina.core.StandardEngineValve.invoke(StandardEngineValve.java:87)
	at org.apache.catalina.connector.CoyoteAdapter.service(CoyoteAdapter.java:342)
	at org.apache.coyote.http11.Http11Processor.service(Http11Processor.java:803)
	at org.apache.coyote.AbstractProcessorLight.process(AbstractProcessorLight.java:66)
	at org.apache.coyote.AbstractProtocol$ConnectionHandler.process(AbstractProtocol.java:790)
	at org.apache.tomcat.util.net.NioEndpoint$SocketProcessor.doRun(NioEndpoint.java:1468)
	at org.apache.tomcat.util.net.SocketProcessorBase.run(SocketProcessorBase.java:49)
	at java.util.concurrent.ThreadPoolExecutor.runWorker(Unknown Source)
	at java.util.concurrent.ThreadPoolExecutor$Worker.run(Unknown Source)
	at org.apache.tomcat.util.threads.TaskThread$WrappingRunnable.run(TaskThread.java:61)
	at java.lang.Thread.run(Unknown Source)
===2018-06-18 08:24:58.830 WARN  org.springframework.web.servlet.PageNotFound Line:1205 - No mapping found for HTTP request with URI [/SpringBootDemo/main/js/common.js] in DispatcherServlet with name 'dispatcherServlet'
===2018-06-18 08:25:30.177 WARN  org.springframework.web.servlet.PageNotFound Line:1205 - No mapping found for HTTP request with URI [/SpringBootDemo/main/static/js/common.js] in DispatcherServlet with name 'dispatcherServlet'
===2018-06-18 08:26:40.896 WARN  org.springframework.web.servlet.PageNotFound Line:1205 - No mapping found for HTTP request with URI [/SpringBootDemo/js/common.js] in DispatcherServlet with name 'dispatcherServlet'
===2018-06-18 08:26:42.518 WARN  org.springframework.web.servlet.PageNotFound Line:1205 - No mapping found for HTTP request with URI [/SpringBootDemo/js/common.js] in DispatcherServlet with name 'dispatcherServlet'
===2018-06-18 08:26:43.024 WARN  org.springframework.web.servlet.PageNotFound Line:1205 - No mapping found for HTTP request with URI [/SpringBootDemo/js/common.js] in DispatcherServlet with name 'dispatcherServlet'
===2018-06-18 08:26:43.439 WARN  org.springframework.web.servlet.PageNotFound Line:1205 - No mapping found for HTTP request with URI [/SpringBootDemo/js/common.js] in DispatcherServlet with name 'dispatcherServlet'
===2018-06-18 08:26:43.856 WARN  org.springframework.web.servlet.PageNotFound Line:1205 - No mapping found for HTTP request with URI [/SpringBootDemo/js/common.js] in DispatcherServlet with name 'dispatcherServlet'
===2018-06-18 08:26:44.319 WARN  org.springframework.web.servlet.PageNotFound Line:1205 - No mapping found for HTTP request with URI [/SpringBootDemo/js/common.js] in DispatcherServlet with name 'dispatcherServlet'
===2018-06-18 08:26:53.872 WARN  org.springframework.web.servlet.PageNotFound Line:1205 - No mapping found for HTTP request with URI [/SpringBootDemo/js/common.js] in DispatcherServlet with name 'dispatcherServlet'
===2018-06-18 08:26:56.986 WARN  org.springframework.web.servlet.PageNotFound Line:1205 - No mapping found for HTTP request with URI [/SpringBootDemo/js/common.js] in DispatcherServlet with name 'dispatcherServlet'
===2018-06-18 08:26:57.557 WARN  org.springframework.web.servlet.PageNotFound Line:1205 - No mapping found for HTTP request with URI [/SpringBootDemo/js/common.js] in DispatcherServlet with name 'dispatcherServlet'
===2018-06-18 08:26:58.058 WARN  org.springframework.web.servlet.PageNotFound Line:1205 - No mapping found for HTTP request with URI [/SpringBootDemo/js/common.js] in DispatcherServlet with name 'dispatcherServlet'
===2018-06-18 08:27:06.281 WARN  org.springframework.web.servlet.PageNotFound Line:1205 - No mapping found for HTTP request with URI [/SpringBootDemo/js/common.js] in DispatcherServlet with name 'dispatcherServlet'
===2018-06-18 08:27:32.819 WARN  org.springframework.web.servlet.PageNotFound Line:1205 - No mapping found for HTTP request with URI [/SpringBootDemo/main/js/common.js] in DispatcherServlet with name 'dispatcherServlet'
===2018-06-18 08:39:19.804 WARN  org.springframework.web.servlet.PageNotFound Line:1205 - No mapping found for HTTP request with URI [/SpringBootDemo/main/js/common.js] in DispatcherServlet with name 'dispatcherServlet'
===2018-06-18 08:39:20.375 WARN  org.springframework.web.servlet.PageNotFound Line:1205 - No mapping found for HTTP request with URI [/SpringBootDemo/main/js/common.js] in DispatcherServlet with name 'dispatcherServlet'
===2018-06-18 08:39:21.344 WARN  org.springframework.web.servlet.PageNotFound Line:1205 - No mapping found for HTTP request with URI [/SpringBootDemo/js/common.js] in DispatcherServlet with name 'dispatcherServlet'
